  laba.cpp
C:\Users\Ирина\Desktop\ass\lab7\laba.cpp(18,2): error C4235: использовано нестандартное расширение: ключевое слово "__asm" данной архитектурой не поддерживается
C:\Users\Ирина\Desktop\ass\lab7\laba.cpp(18,2): error C2065: lea: необъявленный идентификатор
C:\Users\Ирина\Desktop\ass\lab7\laba.cpp(18,2): error C2146: синтаксическая ошибка: отсутствие ";" перед идентификатором "eax"
C:\Users\Ирина\Desktop\ass\lab7\laba.cpp(18,2): error C2065: eax: необъявленный идентификатор
C:\Users\Ирина\Desktop\ass\lab7\laba.cpp(18,2): error C2146: синтаксическая ошибка: отсутствие ";" перед идентификатором "push"
C:\Users\Ирина\Desktop\ass\lab7\laba.cpp(18,2): error C2065: push: необъявленный идентификатор
C:\Users\Ирина\Desktop\ass\lab7\laba.cpp(18,2): error C2143: синтаксическая ошибка: отсутствие ";" перед "}"
C:\Users\Ирина\Desktop\ass\lab7\laba.cpp(19,3): error C4235: использовано нестандартное расширение: ключевое слово "__asm" данной архитектурой не поддерживается
C:\Users\Ирина\Desktop\ass\lab7\laba.cpp(20,3): error C2065: call: необъявленный идентификатор
C:\Users\Ирина\Desktop\ass\lab7\laba.cpp(20,8): error C2146: синтаксическая ошибка: отсутствие ";" перед идентификатором "printf"
C:\Users\Ирина\Desktop\ass\lab7\laba.cpp(21,3): error C2146: синтаксическая ошибка: отсутствие ";" перед идентификатором "add"
C:\Users\Ирина\Desktop\ass\lab7\laba.cpp(20,8): warning C4551: в вызове функции отсутствует список аргументов
C:\Users\Ирина\Desktop\ass\lab7\laba.cpp(21,3): error C2065: add: необъявленный идентификатор
C:\Users\Ирина\Desktop\ass\lab7\laba.cpp(21,7): error C2146: синтаксическая ошибка: отсутствие ";" перед идентификатором "esp"
C:\Users\Ирина\Desktop\ass\lab7\laba.cpp(21,7): error C2065: esp: необъявленный идентификатор
C:\Users\Ирина\Desktop\ass\lab7\laba.cpp(22,2): error C2143: синтаксическая ошибка: отсутствие ";" перед "}"
C:\Users\Ирина\Desktop\ass\lab7\laba.cpp(23,2): error C4235: использовано нестандартное расширение: ключевое слово "__asm" данной архитектурой не поддерживается
C:\Users\Ирина\Desktop\ass\lab7\laba.cpp(23,2): error C2065: lea: необъявленный идентификатор
C:\Users\Ирина\Desktop\ass\lab7\laba.cpp(23,2): error C2146: синтаксическая ошибка: отсутствие ";" перед идентификатором "eax"
C:\Users\Ирина\Desktop\ass\lab7\laba.cpp(23,2): error C2065: eax: необъявленный идентификатор
C:\Users\Ирина\Desktop\ass\lab7\laba.cpp(23,2): error C2146: синтаксическая ошибка: отсутствие ";" перед идентификатором "push"
C:\Users\Ирина\Desktop\ass\lab7\laba.cpp(23,2): error C2065: push: необъявленный идентификатор
C:\Users\Ирина\Desktop\ass\lab7\laba.cpp(23,2): error C2143: синтаксическая ошибка: отсутствие ";" перед "}"
C:\Users\Ирина\Desktop\ass\lab7\laba.cpp(24,3): error C4235: использовано нестандартное расширение: ключевое слово "__asm" данной архитектурой не поддерживается
C:\Users\Ирина\Desktop\ass\lab7\laba.cpp(24,3): error C2065: lea: необъявленный идентификатор
C:\Users\Ирина\Desktop\ass\lab7\laba.cpp(24,3): error C2146: синтаксическая ошибка: отсутствие ";" перед идентификатором "eax"
C:\Users\Ирина\Desktop\ass\lab7\laba.cpp(24,3): error C2065: eax: необъявленный идентификатор
C:\Users\Ирина\Desktop\ass\lab7\laba.cpp(24,3): error C2146: синтаксическая ошибка: отсутствие ";" перед идентификатором "push"
C:\Users\Ирина\Desktop\ass\lab7\laba.cpp(24,3): error C2065: push: необъявленный идентификатор
C:\Users\Ирина\Desktop\ass\lab7\laba.cpp(24,3): error C2143: синтаксическая ошибка: отсутствие ";" перед "}"
C:\Users\Ирина\Desktop\ass\lab7\laba.cpp(25,3): error C4235: использовано нестандартное расширение: ключевое слово "__asm" данной архитектурой не поддерживается
C:\Users\Ирина\Desktop\ass\lab7\laba.cpp(25,3): error C2065: lea: необъявленный идентификатор
C:\Users\Ирина\Desktop\ass\lab7\laba.cpp(25,3): error C2146: синтаксическая ошибка: отсутствие ";" перед идентификатором "eax"
C:\Users\Ирина\Desktop\ass\lab7\laba.cpp(25,3): error C2065: eax: необъявленный идентификатор
C:\Users\Ирина\Desktop\ass\lab7\laba.cpp(25,3): error C2146: синтаксическая ошибка: отсутствие ";" перед идентификатором "push"
C:\Users\Ирина\Desktop\ass\lab7\laba.cpp(25,3): error C2065: push: необъявленный идентификатор
C:\Users\Ирина\Desktop\ass\lab7\laba.cpp(25,3): error C2143: синтаксическая ошибка: отсутствие ";" перед "}"
C:\Users\Ирина\Desktop\ass\lab7\laba.cpp(26,3): error C4235: использовано нестандартное расширение: ключевое слово "__asm" данной архитектурой не поддерживается
C:\Users\Ирина\Desktop\ass\lab7\laba.cpp(26,3): error C2065: lea: необъявленный идентификатор
C:\Users\Ирина\Desktop\ass\lab7\laba.cpp(26,3): error C2146: синтаксическая ошибка: отсутствие ";" перед идентификатором "eax"
C:\Users\Ирина\Desktop\ass\lab7\laba.cpp(26,3): error C2065: eax: необъявленный идентификатор
C:\Users\Ирина\Desktop\ass\lab7\laba.cpp(26,3): error C2146: синтаксическая ошибка: отсутствие ";" перед идентификатором "push"
C:\Users\Ирина\Desktop\ass\lab7\laba.cpp(26,3): error C2065: push: необъявленный идентификатор
C:\Users\Ирина\Desktop\ass\lab7\laba.cpp(26,3): error C2143: синтаксическая ошибка: отсутствие ";" перед "}"
C:\Users\Ирина\Desktop\ass\lab7\laba.cpp(27,3): error C4235: использовано нестандартное расширение: ключевое слово "__asm" данной архитектурой не поддерживается
C:\Users\Ирина\Desktop\ass\lab7\laba.cpp(27,3): error C2065: lea: необъявленный идентификатор
C:\Users\Ирина\Desktop\ass\lab7\laba.cpp(27,3): error C2146: синтаксическая ошибка: отсутствие ";" перед идентификатором "eax"
C:\Users\Ирина\Desktop\ass\lab7\laba.cpp(27,3): error C2065: eax: необъявленный идентификатор
C:\Users\Ирина\Desktop\ass\lab7\laba.cpp(27,3): error C2146: синтаксическая ошибка: отсутствие ";" перед идентификатором "push"
C:\Users\Ирина\Desktop\ass\lab7\laba.cpp(27,3): error C2065: push: необъявленный идентификатор
C:\Users\Ирина\Desktop\ass\lab7\laba.cpp(27,3): error C2143: синтаксическая ошибка: отсутствие ";" перед "}"
C:\Users\Ирина\Desktop\ass\lab7\laba.cpp(28,3): error C4235: использовано нестандартное расширение: ключевое слово "__asm" данной архитектурой не поддерживается
C:\Users\Ирина\Desktop\ass\lab7\laba.cpp(28,3): error C2065: lea: необъявленный идентификатор
C:\Users\Ирина\Desktop\ass\lab7\laba.cpp(28,3): error C2146: синтаксическая ошибка: отсутствие ";" перед идентификатором "eax"
C:\Users\Ирина\Desktop\ass\lab7\laba.cpp(28,3): error C2065: eax: необъявленный идентификатор
C:\Users\Ирина\Desktop\ass\lab7\laba.cpp(28,3): error C2146: синтаксическая ошибка: отсутствие ";" перед идентификатором "push"
C:\Users\Ирина\Desktop\ass\lab7\laba.cpp(28,3): error C2065: push: необъявленный идентификатор
C:\Users\Ирина\Desktop\ass\lab7\laba.cpp(28,3): error C2143: синтаксическая ошибка: отсутствие ";" перед "}"
C:\Users\Ирина\Desktop\ass\lab7\laba.cpp(29,3): error C4235: использовано нестандартное расширение: ключевое слово "__asm" данной архитектурой не поддерживается
C:\Users\Ирина\Desktop\ass\lab7\laba.cpp(30,3): error C2065: call: необъявленный идентификатор
C:\Users\Ирина\Desktop\ass\lab7\laba.cpp(30,8): error C2146: синтаксическая ошибка: отсутствие ";" перед идентификатором "scanf"
C:\Users\Ирина\Desktop\ass\lab7\laba.cpp(31,3): error C2146: синтаксическая ошибка: отсутствие ";" перед идентификатором "add"
C:\Users\Ирина\Desktop\ass\lab7\laba.cpp(30,8): warning C4551: в вызове функции отсутствует список аргументов
C:\Users\Ирина\Desktop\ass\lab7\laba.cpp(31,3): error C2065: add: необъявленный идентификатор
C:\Users\Ирина\Desktop\ass\lab7\laba.cpp(31,7): error C2146: синтаксическая ошибка: отсутствие ";" перед идентификатором "esp"
C:\Users\Ирина\Desktop\ass\lab7\laba.cpp(31,7): error C2065: esp: необъявленный идентификатор
C:\Users\Ирина\Desktop\ass\lab7\laba.cpp(32,3): error C2146: синтаксическая ошибка: отсутствие ";" перед идентификатором "mov"
C:\Users\Ирина\Desktop\ass\lab7\laba.cpp(32,3): error C2065: mov: необъявленный идентификатор
C:\Users\Ирина\Desktop\ass\lab7\laba.cpp(32,7): error C2146: синтаксическая ошибка: отсутствие ";" перед идентификатором "eax"
C:\Users\Ирина\Desktop\ass\lab7\laba.cpp(32,7): error C2065: eax: необъявленный идентификатор
C:\Users\Ирина\Desktop\ass\lab7\laba.cpp(33,3): error C2146: синтаксическая ошибка: отсутствие ";" перед идентификатором "imul"
C:\Users\Ирина\Desktop\ass\lab7\laba.cpp(33,3): error C2065: imul: необъявленный идентификатор
C:\Users\Ирина\Desktop\ass\lab7\laba.cpp(33,8): error C2146: синтаксическая ошибка: отсутствие ";" перед идентификатором "eax"
C:\Users\Ирина\Desktop\ass\lab7\laba.cpp(33,8): error C2065: eax: необъявленный идентификатор
C:\Users\Ирина\Desktop\ass\lab7\laba.cpp(34,3): error C2146: синтаксическая ошибка: отсутствие ";" перед идентификатором "mov"
C:\Users\Ирина\Desktop\ass\lab7\laba.cpp(34,3): error C2065: mov: необъявленный идентификатор
C:\Users\Ирина\Desktop\ass\lab7\laba.cpp(34,7): error C2146: синтаксическая ошибка: отсутствие ";" перед идентификатором "ebx"
C:\Users\Ирина\Desktop\ass\lab7\laba.cpp(34,7): error C2065: ebx: необъявленный идентификатор
C:\Users\Ирина\Desktop\ass\lab7\laba.cpp(35,3): error C2146: синтаксическая ошибка: отсутствие ";" перед идентификатором "cdq"
C:\Users\Ирина\Desktop\ass\lab7\laba.cpp(35,3): error C2065: cdq: необъявленный идентификатор
C:\Users\Ирина\Desktop\ass\lab7\laba.cpp(36,3): error C2146: синтаксическая ошибка: отсутствие ";" перед идентификатором "idiv"
C:\Users\Ирина\Desktop\ass\lab7\laba.cpp(36,3): error C2065: idiv: необъявленный идентификатор
C:\Users\Ирина\Desktop\ass\lab7\laba.cpp(36,8): error C2146: синтаксическая ошибка: отсутствие ";" перед идентификатором "ebx"
C:\Users\Ирина\Desktop\ass\lab7\laba.cpp(36,8): error C2065: ebx: необъявленный идентификатор
C:\Users\Ирина\Desktop\ass\lab7\laba.cpp(37,3): error C2146: синтаксическая ошибка: отсутствие ";" перед идентификатором "mov"
C:\Users\Ирина\Desktop\ass\lab7\laba.cpp(37,3): error C2065: mov: необъявленный идентификатор
C:\Users\Ирина\Desktop\ass\lab7\laba.cpp(37,7): error C2146: синтаксическая ошибка: отсутствие ";" перед идентификатором "ebx"
C:\Users\Ирина\Desktop\ass\lab7\laba.cpp(37,7): error C2065: ebx: необъявленный идентификатор
C:\Users\Ирина\Desktop\ass\lab7\laba.cpp(38,3): error C2146: синтаксическая ошибка: отсутствие ";" перед идентификатором "add"
C:\Users\Ирина\Desktop\ass\lab7\laba.cpp(38,3): error C2065: add: необъявленный идентификатор
C:\Users\Ирина\Desktop\ass\lab7\laba.cpp(38,7): error C2146: синтаксическая ошибка: отсутствие ";" перед идентификатором "ebx"
C:\Users\Ирина\Desktop\ass\lab7\laba.cpp(38,7): error C2065: ebx: необъявленный идентификатор
C:\Users\Ирина\Desktop\ass\lab7\laba.cpp(39,3): error C2146: синтаксическая ошибка: отсутствие ";" перед идентификатором "sub"
C:\Users\Ирина\Desktop\ass\lab7\laba.cpp(39,3): error C2065: sub: необъявленный идентификатор
C:\Users\Ирина\Desktop\ass\lab7\laba.cpp(39,7): error C2146: синтаксическая ошибка: отсутствие ";" перед идентификатором "ebx"
C:\Users\Ирина\Desktop\ass\lab7\laba.cpp(39,7): error C2065: ebx: необъявленный идентификатор
C:\Users\Ирина\Desktop\ass\lab7\laba.cpp(39,12): error C2065: eax: необъявленный идентификатор
C:\Users\Ирина\Desktop\ass\lab7\laba.cpp(40,3): error C2146: синтаксическая ошибка: отсутствие ";" перед идентификатором "mov"
C:\Users\Ирина\Desktop\ass\lab7\laba.cpp(40,7): fatal  error C1003: число ошибок превышает 100; остановка компиляции
